<?xml version="1.0" encoding="UTF-8"?>
<!-- Generated by org.testng.reporters.JUnitXMLReporter -->
<testsuite ignored="0" hostname="thinkpad12g" failures="0" tests="6" name="Default test" time="43.782" errors="0" timestamp="2024-03-30T16:12:37 EET">
  <testcase classname="MyTestCases" name="testFormSubmission" time="3.71"/>
  <testcase classname="MyTestCases" name="testFormSubmission" time="3.652"/>
  <testcase classname="MyTestCases" name="testFormSubmission" time="3.782"/>
  <testcase classname="MyTestCases" name="testFormSubmission" time="3.735"/>
  <testcase classname="MyTestCases" name="testFormSubmission" time="3.697"/>
  <testcase classname="MyTestCases" name="testFormSubmission" time="3.886"/>
</testsuite> <!-- Default test -->
