<?xml version="1.0" encoding="UTF-8"?>
<testng-results ignored="0" total="6" passed="6" failed="0" skipped="0">
  <reporter-output>
  </reporter-output>
  <suite started-at="2024-03-30T16:11:53 EET" name="Default suite" finished-at="2024-03-30T16:12:37 EET" duration-ms="43782">
    <groups>
    </groups>
    <test started-at="2024-03-30T16:11:53 EET" name="Default test" finished-at="2024-03-30T16:12:37 EET" duration-ms="43782">
      <class name="MyTestCases">
        <test-method is-config="true" signature="setUp()[pri:0, instance:MyTestCases@7e7b159b]" started-at="2024-03-30T16:11:53 EET" name="setUp" finished-at="2024-03-30T16:12:14 EET" duration-ms="21020" status="PASS">
          <reporter-output>
          </reporter-output>
        </test-method> <!-- setUp -->
        <test-method signature="testFormSubmission()[pri:0, instance:MyTestCases@7e7b159b]" started-at="2024-03-30T16:12:14 EET" name="testFormSubmission" finished-at="2024-03-30T16:12:18 EET" duration-ms="3710" status="PASS">
          <reporter-output>
          </reporter-output>
        </test-method> <!-- testFormSubmission -->
        <test-method signature="testFormSubmission()[pri:0, instance:MyTestCases@7e7b159b]" started-at="2024-03-30T16:12:18 EET" name="testFormSubmission" finished-at="2024-03-30T16:12:22 EET" duration-ms="3652" status="PASS">
          <reporter-output>
          </reporter-output>
        </test-method> <!-- testFormSubmission -->
        <test-method signature="testFormSubmission()[pri:0, instance:MyTestCases@7e7b159b]" started-at="2024-03-30T16:12:22 EET" name="testFormSubmission" finished-at="2024-03-30T16:12:26 EET" duration-ms="3782" status="PASS">
          <reporter-output>
          </reporter-output>
        </test-method> <!-- testFormSubmission -->
        <test-method signature="testFormSubmission()[pri:0, instance:MyTestCases@7e7b159b]" started-at="2024-03-30T16:12:26 EET" name="testFormSubmission" finished-at="2024-03-30T16:12:29 EET" duration-ms="3735" status="PASS">
          <reporter-output>
          </reporter-output>
        </test-method> <!-- testFormSubmission -->
        <test-method signature="testFormSubmission()[pri:0, instance:MyTestCases@7e7b159b]" started-at="2024-03-30T16:12:29 EET" name="testFormSubmission" finished-at="2024-03-30T16:12:33 EET" duration-ms="3697" status="PASS">
          <reporter-output>
          </reporter-output>
        </test-method> <!-- testFormSubmission -->
        <test-method signature="testFormSubmission()[pri:0, instance:MyTestCases@7e7b159b]" started-at="2024-03-30T16:12:33 EET" name="testFormSubmission" finished-at="2024-03-30T16:12:37 EET" duration-ms="3886" status="PASS">
          <reporter-output>
          </reporter-output>
        </test-method> <!-- testFormSubmission -->
        <test-method is-config="true" signature="tearDown()[pri:0, instance:MyTestCases@7e7b159b]" started-at="2024-03-30T16:12:37 EET" name="tearDown" finished-at="2024-03-30T16:12:37 EET" duration-ms="239" status="PASS">
          <reporter-output>
          </reporter-output>
        </test-method> <!-- tearDown -->
      </class> <!-- MyTestCases -->
    </test> <!-- Default test -->
  </suite> <!-- Default suite -->
</testng-results>
